Arguments: 
  /usr/local/bin/node /usr/local/Cellar/yarn/1.13.0/libexec/bin/yarn.js add tabaple

PATH: 
  /usr/local/bin:/usr/bin:/bin:/usr/sbin:/sbin:/usr/local/aria2/bin:/opt/X11/bin:/Library/Frameworks/Mono.framework/Versions/Current/Commands

Yarn version: 
  1.13.0

Node version: 
  10.15.0

Platform: 
  darwin x64

Trace: 
  Error: https://registry.npm.taobao.org/tabaple: Not found
      at Request.params.callback [as _callback] (/usr/local/Cellar/yarn/1.13.0/libexec/lib/cli.js:66255:18)
      at Request.self.callback (/usr/local/Cellar/yarn/1.13.0/libexec/lib/cli.js:129397:22)
      at Request.emit (events.js:182:13)
      at Request.<anonymous> (/usr/local/Cellar/yarn/1.13.0/libexec/lib/cli.js:130369:10)
      at Request.emit (events.js:182:13)
      at IncomingMessage.<anonymous> (/usr/local/Cellar/yarn/1.13.0/libexec/lib/cli.js:130291:12)
      at Object.onceWrapper (events.js:273:13)
      at IncomingMessage.emit (events.js:187:15)
      at endReadableNT (_stream_readable.js:1094:12)
      at process._tickCallback (internal/process/next_tick.js:63:19)

npm manifest: 
  {
      "name": "lzf-webpack",
      "version": "1.0.0",
      "description": "",
      "main": "index.js",
      "scripts": {
          "test": "echo \"Error: no test specified\" && exit 1"
      },
      "author": "",
      "license": "ISC",
      "bin": {
          "lzf-webpack": "./bin/lzf-webpack.js"
      },
      "devDependencies": {
          "@types/node": "^10.12.19"
      },
      "dependencies": {
          "@babel/generator": "^7.3.0",
          "@babel/traverse": "^7.2.3",
          "@babel/types": "^7.3.0",
          "babylon": "^6.18.0",
          "ejs": "^2.6.1"
      }
  }

yarn manifest: 
  No manifest

Lockfile: 
  No lockfile
